<?xml version="1.0" encoding="UTF-8"?>
<testng-results skipped="0" failed="0" total="1" passed="1">
  <reporter-output>
  </reporter-output>
  <suite name="Suite" duration-ms="13844" started-at="2018-04-01T03:47:38Z" finished-at="2018-04-01T03:47:52Z">
    <groups>
    </groups>
    <test name="Test" duration-ms="13844" started-at="2018-04-01T03:47:38Z" finished-at="2018-04-01T03:47:52Z">
      <class name="Selenium_Jenkin.selenium_jenkin.TestDriver">
        <test-method status="PASS" signature="beforeTest()[pri:0, instance:Selenium_Jenkin.selenium_jenkin.TestDriver@1554909b]" name="beforeTest" is-config="true" duration-ms="6" started-at="2018-03-31T20:47:38Z" finished-at="2018-03-31T20:47:38Z">
          <reporter-output>
          </reporter-output>
        </test-method> <!-- beforeTest -->
        <test-method status="PASS" signature="mainTest()[pri:0, instance:Selenium_Jenkin.selenium_jenkin.TestDriver@1554909b]" name="mainTest" duration-ms="13832" started-at="2018-03-31T20:47:38Z" finished-at="2018-03-31T20:47:52Z">
          <reporter-output>
          </reporter-output>
        </test-method> <!-- mainTest -->
      </class> <!-- Selenium_Jenkin.selenium_jenkin.TestDriver -->
    </test> <!-- Test -->
  </suite> <!-- Suite -->
</testng-results>
