<?xml version="1.0" encoding="UTF-8"?>
<testng-results skipped="0" failed="0" total="1" passed="1">
  <reporter-output>
  </reporter-output>
  <suite name="Default suite" duration-ms="5598" started-at="2018-04-01T03:31:38Z" finished-at="2018-04-01T03:31:43Z">
    <groups>
    </groups>
    <test name="Default test" duration-ms="5598" started-at="2018-04-01T03:31:38Z" finished-at="2018-04-01T03:31:43Z">
      <class name="Selenium_Jenkin.selenium_jenkin.TestDriver">
        <test-method status="PASS" signature="beforeTest()[pri:0, instance:Selenium_Jenkin.selenium_jenkin.TestDriver@256216b3]" name="beforeTest" is-config="true" duration-ms="6" started-at="2018-03-31T20:31:38Z" finished-at="2018-03-31T20:31:38Z">
          <reporter-output>
          </reporter-output>
        </test-method> <!-- beforeTest -->
        <test-method status="PASS" signature="mainTest()[pri:0, instance:Selenium_Jenkin.selenium_jenkin.TestDriver@256216b3]" name="mainTest" duration-ms="5584" started-at="2018-03-31T20:31:38Z" finished-at="2018-03-31T20:31:43Z">
          <reporter-output>
          </reporter-output>
        </test-method> <!-- mainTest -->
      </class> <!-- Selenium_Jenkin.selenium_jenkin.TestDriver -->
    </test> <!-- Default test -->
  </suite> <!-- Default suite -->
</testng-results>
